21:24:08:426 [ALWAYS]	GUDE Logging Started
21:24:08:434 [INFO]	SqliteResumeCache::SqliteResumeCache basedirectory is null/empty
21:24:08:434 [ERROR]	SqliteResumeCache::CreateSqliteResumeCache creating resume cache pointer failure
21:24:08:434 [ERROR]	Initialize resume cache pointer failure
21:24:08:434 [INFO]	gude policy POLICY_USER limit (2,2,1) chunk 2097152, chunking (UL 0 DL 1), resXfer 1, adapt 0, NSURL 0, timeout 86400 
21:24:08:434 [INFO]	Initialized -- gude-lib version: v0.12.1 app: gude
21:24:09:269 [WARN]	Ignoring attempt to reinit logging to \gude at level 4 retaining 3 days of logs
21:24:09:269 [INFO]	SqliteResumeCache::SqliteResumeCache basedirectory is null/empty
21:24:09:269 [ERROR]	SqliteResumeCache::CreateSqliteResumeCache creating resume cache pointer failure
21:24:09:269 [ERROR]	Initialize resume cache pointer failure
21:24:09:269 [INFO]	gude policy POLICY_USER limit (4,4,1) chunk 2097152, chunking (UL 0 DL 1), resXfer 1, adapt 0, NSURL 1, timeout 86400 
21:24:09:269 [INFO]	Initialized -- gude-lib version: v0.12.1 app: gude
21:24:56:210 [ALWAYS]	GUDE Logging Started
21:24:56:213 [INFO]	SqliteResumeCache::SqliteResumeCache basedirectory is null/empty
21:24:56:213 [ERROR]	SqliteResumeCache::CreateSqliteResumeCache creating resume cache pointer failure
21:24:56:213 [ERROR]	Initialize resume cache pointer failure
21:24:56:213 [INFO]	gude policy POLICY_USER limit (2,2,1) chunk 2097152, chunking (UL 0 DL 1), resXfer 1, adapt 0, NSURL 0, timeout 86400 
21:24:56:213 [INFO]	Initialized -- gude-lib version: v0.12.1 app: gude
21:24:57:072 [WARN]	Ignoring attempt to reinit logging to \gude at level 4 retaining 3 days of logs
21:24:57:072 [INFO]	SqliteResumeCache::SqliteResumeCache basedirectory is null/empty
21:24:57:072 [ERROR]	SqliteResumeCache::CreateSqliteResumeCache creating resume cache pointer failure
21:24:57:072 [ERROR]	Initialize resume cache pointer failure
21:24:57:072 [INFO]	gude policy POLICY_USER limit (4,4,1) chunk 2097152, chunking (UL 0 DL 1), resXfer 1, adapt 0, NSURL 1, timeout 86400 
21:24:57:072 [INFO]	Initialized -- gude-lib version: v0.12.1 app: gude
